<?xml version="1.0" encoding="UTF-8"?>
<!-- Generated by org.testng.reporters.JUnitXMLReporter -->
<testsuite hostname="LAPTOP-JOPOHLMU" ignored="0" name="Test" tests="4" failures="1" timestamp="18 Jun 2020 07:42:00 GMT" time="498.443" errors="0">
  <testcase name="feature" time="164.478" classname="com.crm.bdd.runners.RegressionTestRunner"/>
  <testcase name="feature" time="205.744" classname="com.crm.bdd.runners.RegressionTestRunner">
    <failure type="cucumber.runtime.CucumberException" message="java.lang.Exception: Exception from method clickOnWebElement: Element &amp;lt;input class=&amp;quot;button&amp;quot; type=&amp;quot;button&amp;quot;&amp;gt; is not clickable at point (732,177) because another element &amp;lt;div id=&amp;quot;ibox_content&amp;quot;&amp;gt; obscures it
Build info: version: &amp;apos;3.141.59&amp;apos;, revision: &amp;apos;e82be7d358&amp;apos;, time: &amp;apos;2018-11-14T08:17:03&amp;apos;
System info: host: &amp;apos;LAPTOP-JOPOHLMU&amp;apos;, ip: &amp;apos;192.168.43.175&amp;apos;, os.name: &amp;apos;Windows 10&amp;apos;, os.arch: &amp;apos;amd64&amp;apos;, os.version: &amp;apos;10.0&amp;apos;, java.version: &amp;apos;1.8.0_221&amp;apos;
Driver info: org.openqa.selenium.firefox.FirefoxDriver
Capabilities {acceptInsecureCerts: true, browserName: firefox, browserVersion: 77.0.1, javascriptEnabled: true, moz:accessibilityChecks: false, moz:buildID: 20200602222727, moz:geckodriverVersion: 0.24.0, moz:headless: false, moz:processID: 4716, moz:profile: C:\Users\aparn\AppData\Loca..., moz:shutdownTimeout: 60000, moz:useNonSpecCompliantPointerOrigin: false, moz:webdriverClick: true, pageLoadStrategy: normal, platform: WINDOWS, platformName: WINDOWS, platformVersion: 10.0, rotatable: false, setWindowRect: true, strictFileInteractability: false, timeouts: {implicit: 0, pageLoad: 300000, script: 30000}, unhandledPromptBehavior: dismiss and notify}
Session ID: 25e82369-e967-4552-9b8a-46e03164218c">
      <![CDATA[cucumber.runtime.CucumberException: java.lang.Exception: Exception from method clickOnWebElement: Element <input class="button" type="button"> is not clickable at point (732,177) because another element <div id="ibox_content"> obscures it
Build info: version: '3.141.59', revision: 'e82be7d358', time: '2018-11-14T08:17:03'
System info: host: 'LAPTOP-JOPOHLMU', ip: '192.168.43.175', os.name: 'Windows 10', os.arch: 'amd64', os.version: '10.0', java.version: '1.8.0_221'
Driver info: org.openqa.selenium.firefox.FirefoxDriver
Capabilities {acceptInsecureCerts: true, browserName: firefox, browserVersion: 77.0.1, javascriptEnabled: true, moz:accessibilityChecks: false, moz:buildID: 20200602222727, moz:geckodriverVersion: 0.24.0, moz:headless: false, moz:processID: 4716, moz:profile: C:\Users\aparn\AppData\Loca..., moz:shutdownTimeout: 60000, moz:useNonSpecCompliantPointerOrigin: false, moz:webdriverClick: true, pageLoadStrategy: normal, platform: WINDOWS, platformName: WINDOWS, platformVersion: 10.0, rotatable: false, setWindowRect: true, strictFileInteractability: false, timeouts: {implicit: 0, pageLoad: 300000, script: 30000}, unhandledPromptBehavior: dismiss and notify}
Session ID: 25e82369-e967-4552-9b8a-46e03164218c
	at cucumber.api.testng.TestNGCucumberRunner.runCucumber(TestNGCucumberRunner.java:69)
	at com.crm.bdd.runners.RegressionTestRunner.feature(RegressionTestRunner.java:42)
Caused by: java.lang.Exception: Exception from method clickOnWebElement: Element <input class="button" type="button"> is not clickable at point (732,177) because another element <div id="ibox_content"> obscures it
Build info: version: '3.141.59', revision: 'e82be7d358', time: '2018-11-14T08:17:03'
System info: host: 'LAPTOP-JOPOHLMU', ip: '192.168.43.175', os.name: 'Windows 10', os.arch: 'amd64', os.version: '10.0', java.version: '1.8.0_221'
Driver info: org.openqa.selenium.firefox.FirefoxDriver
Capabilities {acceptInsecureCerts: true, browserName: firefox, browserVersion: 77.0.1, javascriptEnabled: true, moz:accessibilityChecks: false, moz:buildID: 20200602222727, moz:geckodriverVersion: 0.24.0, moz:headless: false, moz:processID: 4716, moz:profile: C:\Users\aparn\AppData\Loca..., moz:shutdownTimeout: 60000, moz:useNonSpecCompliantPointerOrigin: false, moz:webdriverClick: true, pageLoadStrategy: normal, platform: WINDOWS, platformName: WINDOWS, platformVersion: 10.0, rotatable: false, setWindowRect: true, strictFileInteractability: false, timeouts: {implicit: 0, pageLoad: 300000, script: 30000}, unhandledPromptBehavior: dismiss and notify}
Session ID: 25e82369-e967-4552-9b8a-46e03164218c
	at com.crm.bdd.utils.CommonMethods.clickOnWebElement(CommonMethods.java:119)
	at com.crm.bdd.pages.HomePage.quickContactCreate(HomePage.java:95)
	at com.crm.bdd.stepdefinitions.HomePageStepDef.user_clicks_on_QuickCreate_link_and_adds_given_contact_details(HomePageStepDef.java:50)
	at ✽.When User clicks on QuickCreate link and adds given contact details(002_HomePage.feature:15)
... Removed 25 stack frames]]>
    </failure>
  </testcase> <!-- feature -->
  <testcase name="feature" time="84.969" classname="com.crm.bdd.runners.RegressionTestRunner"/>
  <testcase name="feature" time="41.901" classname="com.crm.bdd.runners.RegressionTestRunner"/>
</testsuite> <!-- Test -->
